<?xml version="1.0" encoding="UTF-8"?>
<coverage generated="1563644733325" clover="3.2.0">
  <project timestamp="1563644733325" name="All files">
    <metrics statements="26" coveredstatements="21" conditionals="3" coveredconditionals="1" methods="14" coveredmethods="11" elements="43" coveredelements="33" complexity="0" loc="26" ncloc="26" packages="2" files="2" classes="2"/>
    <package name="models">
      <metrics statements="11" coveredstatements="6" conditionals="3" coveredconditionals="1" methods="7" coveredmethods="4"/>
      <file name="Product.js" path="C:\Users\Oscar\Documents\PracticeOfPlayground\models\Product.js">
        <metrics statements="11" coveredstatements="6" conditionals="3" coveredconditionals="1" methods="7" coveredmethods="4"/>
        <line num="3" count="6" type="stmt"/>
        <line num="4" count="6" type="stmt"/>
        <line num="5" count="6" type="stmt"/>
        <line num="9" count="2" type="stmt"/>
        <line num="13" count="2" type="stmt"/>
        <line num="17" count="2" type="stmt"/>
        <line num="24" count="0" type="stmt"/>
        <line num="25" count="0" type="stmt"/>
        <line num="26" count="0" type="stmt"/>
        <line num="28" count="0" type="stmt"/>
        <line num="40" count="0" type="stmt"/>
      </file>
    </package>
    <package name="testUtils">
      <metrics statements="15" coveredstatements="15" conditionals="0" coveredconditionals="0" methods="7" coveredmethods="7"/>
      <file name="testDbHelper.js" path="C:\Users\Oscar\Documents\PracticeOfPlayground\testUtils\testDbHelper.js">
        <metrics statements="15" coveredstatements="15" conditionals="0" coveredconditionals="0" methods="7" coveredmethods="7"/>
        <line num="5" count="1" type="stmt"/>
        <line num="9" count="1" type="stmt"/>
        <line num="10" count="1" type="stmt"/>
        <line num="11" count="1" type="stmt"/>
        <line num="15" count="1" type="stmt"/>
        <line num="16" count="1" type="stmt"/>
        <line num="19" count="1" type="stmt"/>
        <line num="23" count="1" type="stmt"/>
        <line num="24" count="1" type="stmt"/>
        <line num="28" count="6" type="stmt"/>
        <line num="29" count="6" type="stmt"/>
        <line num="31" count="4" type="stmt"/>
        <line num="32" count="4" type="stmt"/>
        <line num="37" count="16" type="stmt"/>
        <line num="40" count="16" type="stmt"/>
      </file>
    </package>
  </project>
</coverage>
