{"C:\\Users\\Oscar\\Documents\\PracticeOfPlayground\\models\\Product.js": {"path":"C:\\Users\\Oscar\\Documents\\PracticeOfPlayground\\models\\Product.js","statementMap":{"0":{"start":{"line":3,"column":2},"end":{"line":3,"column":15}},"1":{"start":{"line":4,"column":2},"end":{"line":4,"column":35}},"2":{"start":{"line":5,"column":2},"end":{"line":5,"column":55}},"3":{"start":{"line":9,"column":2},"end":{"line":9,"column":53}},"4":{"start":{"line":13,"column":2},"end":{"line":13,"column":63}},"5":{"start":{"line":17,"column":2},"end":{"line":20,"column":14}},"6":{"start":{"line":24,"column":18},"end":{"line":24,"column":48}},"7":{"start":{"line":25,"column":21},"end":{"line":25,"column":66}},"8":{"start":{"line":25,"column":62},"end":{"line":25,"column":65}},"9":{"start":{"line":26,"column":26},"end":{"line":26,"column":58}},"10":{"start":{"line":28,"column":2},"end":{"line":45,"column":4}},"11":{"start":{"line":40,"column":59},"end":{"line":44,"column":4}}},"fnMap":{"0":{"name":"(anonymous_0)","decl":{"start":{"line":2,"column":1},"end":{"line":2,"column":2}},"loc":{"start":{"line":2,"column":17},"end":{"line":6,"column":2}},"line":2},"1":{"name":"(anonymous_1)","decl":{"start":{"line":8,"column":1},"end":{"line":8,"column":2}},"loc":{"start":{"line":8,"column":21},"end":{"line":10,"column":2}},"line":8},"2":{"name":"(anonymous_2)","decl":{"start":{"line":12,"column":1},"end":{"line":12,"column":2}},"loc":{"start":{"line":12,"column":16},"end":{"line":14,"column":2}},"line":12},"3":{"name":"(anonymous_3)","decl":{"start":{"line":16,"column":1},"end":{"line":16,"column":2}},"loc":{"start":{"line":16,"column":35},"end":{"line":21,"column":2}},"line":16},"4":{"name":"(anonymous_4)","decl":{"start":{"line":23,"column":1},"end":{"line":23,"column":2}},"loc":{"start":{"line":23,"column":28},"end":{"line":46,"column":2}},"line":23},"5":{"name":"(anonymous_5)","decl":{"start":{"line":25,"column":49},"end":{"line":25,"column":50}},"loc":{"start":{"line":25,"column":62},"end":{"line":25,"column":65}},"line":25},"6":{"name":"(anonymous_6)","decl":{"start":{"line":40,"column":40},"end":{"line":40,"column":41}},"loc":{"start":{"line":40,"column":59},"end":{"line":44,"column":4}},"line":40}},"branchMap":{"0":{"loc":{"start":{"line":16,"column":24},"end":{"line":16,"column":33}},"type":"default-arg","locations":[{"start":{"line":16,"column":31},"end":{"line":16,"column":33}}],"line":16},"1":{"loc":{"start":{"line":37,"column":4},"end":{"line":39,"column":11}},"type":"cond-expr","locations":[{"start":{"line":38,"column":7},"end":{"line":38,"column":39}},{"start":{"line":39,"column":7},"end":{"line":39,"column":11}}],"line":37}},"s":{"0":6,"1":6,"2":6,"3":2,"4":2,"5":2,"6":0,"7":0,"8":0,"9":0,"10":0,"11":0},"f":{"0":6,"1":2,"2":2,"3":2,"4":0,"5":0,"6":0},"b":{"0":[1],"1":[0,0]},"_coverageSchema":"43e27e138ebf9cfc5966b082cf9a028302ed4184","hash":"b0014c5a4ec6532f25a2a320261135f2a6e403a1"}
,"C:\\Users\\Oscar\\Documents\\PracticeOfPlayground\\testUtils\\testDbHelper.js": {"path":"C:\\Users\\Oscar\\Documents\\PracticeOfPlayground\\testUtils\\testDbHelper.js","statementMap":{"0":{"start":{"line":5,"column":0},"end":{"line":5,"column":41}},"1":{"start":{"line":9,"column":2},"end":{"line":9,"column":17}},"2":{"start":{"line":10,"column":2},"end":{"line":10,"column":40}},"3":{"start":{"line":11,"column":2},"end":{"line":11,"column":25}},"4":{"start":{"line":15,"column":14},"end":{"line":15,"column":53}},"5":{"start":{"line":16,"column":2},"end":{"line":18,"column":5}},"6":{"start":{"line":19,"column":2},"end":{"line":19,"column":62}},"7":{"start":{"line":23,"column":2},"end":{"line":23,"column":32}},"8":{"start":{"line":24,"column":2},"end":{"line":24,"column":28}},"9":{"start":{"line":28,"column":22},"end":{"line":28,"column":63}},"10":{"start":{"line":29,"column":2},"end":{"line":33,"column":4}},"11":{"start":{"line":31,"column":23},"end":{"line":31,"column":27}},"12":{"start":{"line":32,"column":23},"end":{"line":32,"column":60}},"13":{"start":{"line":37,"column":18},"end":{"line":39,"column":23}},"14":{"start":{"line":40,"column":2},"end":{"line":40,"column":16}}},"fnMap":{"0":{"name":"(anonymous_0)","decl":{"start":{"line":8,"column":1},"end":{"line":8,"column":2}},"loc":{"start":{"line":8,"column":15},"end":{"line":12,"column":2}},"line":8},"1":{"name":"(anonymous_1)","decl":{"start":{"line":14,"column":1},"end":{"line":14,"column":2}},"loc":{"start":{"line":14,"column":15},"end":{"line":20,"column":2}},"line":14},"2":{"name":"(anonymous_2)","decl":{"start":{"line":22,"column":1},"end":{"line":22,"column":2}},"loc":{"start":{"line":22,"column":14},"end":{"line":25,"column":2}},"line":22},"3":{"name":"(anonymous_3)","decl":{"start":{"line":27,"column":1},"end":{"line":27,"column":2}},"loc":{"start":{"line":27,"column":17},"end":{"line":34,"column":2}},"line":27},"4":{"name":"(anonymous_4)","decl":{"start":{"line":31,"column":9},"end":{"line":31,"column":10}},"loc":{"start":{"line":31,"column":23},"end":{"line":31,"column":27}},"line":31},"5":{"name":"(anonymous_5)","decl":{"start":{"line":32,"column":9},"end":{"line":32,"column":10}},"loc":{"start":{"line":32,"column":23},"end":{"line":32,"column":60}},"line":32},"6":{"name":"(anonymous_6)","decl":{"start":{"line":36,"column":1},"end":{"line":36,"column":2}},"loc":{"start":{"line":36,"column":43},"end":{"line":41,"column":2}},"line":36}},"branchMap":{},"s":{"0":1,"1":1,"2":1,"3":1,"4":1,"5":1,"6":1,"7":1,"8":1,"9":6,"10":6,"11":4,"12":4,"13":16,"14":16},"f":{"0":1,"1":1,"2":1,"3":6,"4":4,"5":4,"6":16},"b":{},"_coverageSchema":"43e27e138ebf9cfc5966b082cf9a028302ed4184","hash":"a2af2ed80f71bdbc6869bb89296ca93424f2568f"}
}
