TN:
SF:C:\Users\Oscar\Documents\PracticeOfPlayground\models\Product.js
FN:2,(anonymous_0)
FN:8,(anonymous_1)
FN:12,(anonymous_2)
FN:16,(anonymous_3)
FN:23,(anonymous_4)
FN:25,(anonymous_5)
FN:40,(anonymous_6)
FNF:7
FNH:4
FNDA:6,(anonymous_0)
FNDA:2,(anonymous_1)
FNDA:2,(anonymous_2)
FNDA:2,(anonymous_3)
FNDA:0,(anonymous_4)
FNDA:0,(anonymous_5)
FNDA:0,(anonymous_6)
DA:3,6
DA:4,6
DA:5,6
DA:9,2
DA:13,2
DA:17,2
DA:24,0
DA:25,0
DA:26,0
DA:28,0
DA:40,0
LF:11
LH:6
BRDA:16,0,0,1
BRDA:37,1,0,0
BRDA:37,1,1,0
BRF:3
BRH:1
end_of_record
TN:
SF:C:\Users\Oscar\Documents\PracticeOfPlayground\testUtils\testDbHelper.js
FN:8,(anonymous_0)
FN:14,(anonymous_1)
FN:22,(anonymous_2)
FN:27,(anonymous_3)
FN:31,(anonymous_4)
FN:32,(anonymous_5)
FN:36,(anonymous_6)
FNF:7
FNH:7
FNDA:1,(anonymous_0)
FNDA:1,(anonymous_1)
FNDA:1,(anonymous_2)
FNDA:6,(anonymous_3)
FNDA:4,(anonymous_4)
FNDA:4,(anonymous_5)
FNDA:16,(anonymous_6)
DA:5,1
DA:9,1
DA:10,1
DA:11,1
DA:15,1
DA:16,1
DA:19,1
DA:23,1
DA:24,1
DA:28,6
DA:29,6
DA:31,4
DA:32,4
DA:37,16
DA:40,16
LF:15
LH:15
BRF:0
BRH:0
end_of_record
